\BOOKMARK [0][-]{chapter.1}{\376\377\0001\000\040\000F\000i\000l\000e\000\040\000I\000n\000d\000e\000x}{}% 1
\BOOKMARK [1][-]{section.1.1}{\376\377\0001\000.\0001\000\040\000F\000i\000l\000e\000\040\000L\000i\000s\000t}{chapter.1}% 2
\BOOKMARK [0][-]{chapter.2}{\376\377\0002\000\040\000F\000i\000l\000e\000\040\000D\000o\000c\000u\000m\000e\000n\000t\000a\000t\000i\000o\000n}{}% 3
\BOOKMARK [1][-]{section.2.1}{\376\377\0002\000.\0001\000\040\000c\000a\000l\000l\000\137\000b\000y\000\137\000s\000t\000r\000i\000n\000g\000.\000c\000\040\000F\000i\000l\000e\000\040\000R\000e\000f\000e\000r\000e\000n\000c\000e}{chapter.2}% 4
\BOOKMARK [2][-]{subsection.2.1.1}{\376\377\0002\000.\0001\000.\0001\000\040\000F\000u\000n\000c\000t\000i\000o\000n\000\040\000D\000o\000c\000u\000m\000e\000n\000t\000a\000t\000i\000o\000n}{section.2.1}% 5
\BOOKMARK [3][-]{subsubsection.2.1.1.1}{\376\377\0002\000.\0001\000.\0001\000.\0001\000\040\000m\000a\000i\000n\000\050\000\051}{subsection.2.1.1}% 6
\BOOKMARK [1][-]{section.2.2}{\376\377\0002\000.\0002\000\040\000c\000a\000l\000l\000\137\000b\000y\000\137\000s\000t\000r\000i\000n\000g\000.\000c}{chapter.2}% 7
\BOOKMARK [1][-]{section.2.3}{\376\377\0002\000.\0003\000\040\000f\000i\000c\000h\000a\0002\000\137\0002\000.\000c\000\040\000F\000i\000l\000e\000\040\000R\000e\000f\000e\000r\000e\000n\000c\000e}{chapter.2}% 8
\BOOKMARK [2][-]{subsection.2.3.1}{\376\377\0002\000.\0003\000.\0001\000\040\000F\000u\000n\000c\000t\000i\000o\000n\000\040\000D\000o\000c\000u\000m\000e\000n\000t\000a\000t\000i\000o\000n}{section.2.3}% 9
\BOOKMARK [3][-]{subsubsection.2.3.1.1}{\376\377\0002\000.\0003\000.\0001\000.\0001\000\040\000m\000a\000i\000n\000\050\000\051}{subsection.2.3.1}% 10
\BOOKMARK [1][-]{section.2.4}{\376\377\0002\000.\0004\000\040\000f\000i\000c\000h\000a\0002\000\137\0002\000.\000c}{chapter.2}% 11
\BOOKMARK [1][-]{section.2.5}{\376\377\0002\000.\0005\000\040\000f\000i\000c\000h\000a\0002\000\137\0003\000.\000c\000\040\000F\000i\000l\000e\000\040\000R\000e\000f\000e\000r\000e\000n\000c\000e}{chapter.2}% 12
\BOOKMARK [2][-]{subsection.2.5.1}{\376\377\0002\000.\0005\000.\0001\000\040\000F\000u\000n\000c\000t\000i\000o\000n\000\040\000D\000o\000c\000u\000m\000e\000n\000t\000a\000t\000i\000o\000n}{section.2.5}% 13
\BOOKMARK [3][-]{subsubsection.2.5.1.1}{\376\377\0002\000.\0005\000.\0001\000.\0001\000\040\000m\000a\000i\000n\000\050\000\051}{subsection.2.5.1}% 14
\BOOKMARK [1][-]{section.2.6}{\376\377\0002\000.\0006\000\040\000f\000i\000c\000h\000a\0002\000\137\0003\000.\000c}{chapter.2}% 15
\BOOKMARK [1][-]{section.2.7}{\376\377\0002\000.\0007\000\040\000f\000i\000c\000h\000a\0002\000\137\0004\000.\000c\000\040\000F\000i\000l\000e\000\040\000R\000e\000f\000e\000r\000e\000n\000c\000e}{chapter.2}% 16
\BOOKMARK [2][-]{subsection.2.7.1}{\376\377\0002\000.\0007\000.\0001\000\040\000F\000u\000n\000c\000t\000i\000o\000n\000\040\000D\000o\000c\000u\000m\000e\000n\000t\000a\000t\000i\000o\000n}{section.2.7}% 17
\BOOKMARK [3][-]{subsubsection.2.7.1.1}{\376\377\0002\000.\0007\000.\0001\000.\0001\000\040\000m\000a\000i\000n\000\050\000\051}{subsection.2.7.1}% 18
\BOOKMARK [1][-]{section.2.8}{\376\377\0002\000.\0008\000\040\000f\000i\000c\000h\000a\0002\000\137\0004\000.\000c}{chapter.2}% 19
\BOOKMARK [1][-]{section.2.9}{\376\377\0002\000.\0009\000\040\000f\000i\000c\000h\000a\0002\000\137\0005\000.\000c\000\040\000F\000i\000l\000e\000\040\000R\000e\000f\000e\000r\000e\000n\000c\000e}{chapter.2}% 20
\BOOKMARK [2][-]{subsection.2.9.1}{\376\377\0002\000.\0009\000.\0001\000\040\000F\000u\000n\000c\000t\000i\000o\000n\000\040\000D\000o\000c\000u\000m\000e\000n\000t\000a\000t\000i\000o\000n}{section.2.9}% 21
\BOOKMARK [3][-]{subsubsection.2.9.1.1}{\376\377\0002\000.\0009\000.\0001\000.\0001\000\040\000m\000a\000i\000n\000\050\000\051}{subsection.2.9.1}% 22
\BOOKMARK [1][-]{section.2.10}{\376\377\0002\000.\0001\0000\000\040\000f\000i\000c\000h\000a\0002\000\137\0005\000.\000c}{chapter.2}% 23
\BOOKMARK [1][-]{section.2.11}{\376\377\0002\000.\0001\0001\000\040\000f\000i\000c\000h\000a\0003\000\137\0001\000.\000c\000\040\000F\000i\000l\000e\000\040\000R\000e\000f\000e\000r\000e\000n\000c\000e}{chapter.2}% 24
\BOOKMARK [2][-]{subsection.2.11.1}{\376\377\0002\000.\0001\0001\000.\0001\000\040\000F\000u\000n\000c\000t\000i\000o\000n\000\040\000D\000o\000c\000u\000m\000e\000n\000t\000a\000t\000i\000o\000n}{section.2.11}% 25
\BOOKMARK [3][-]{subsubsection.2.11.1.1}{\376\377\0002\000.\0001\0001\000.\0001\000.\0001\000\040\000m\000a\000i\000n\000\050\000\051}{subsection.2.11.1}% 26
\BOOKMARK [1][-]{section.2.12}{\376\377\0002\000.\0001\0002\000\040\000f\000i\000c\000h\000a\0003\000\137\0001\000.\000c}{chapter.2}% 27
\BOOKMARK [1][-]{section.2.13}{\376\377\0002\000.\0001\0003\000\040\000f\000i\000c\000h\000a\0003\000\137\0002\000.\000c\000\040\000F\000i\000l\000e\000\040\000R\000e\000f\000e\000r\000e\000n\000c\000e}{chapter.2}% 28
\BOOKMARK [2][-]{subsection.2.13.1}{\376\377\0002\000.\0001\0003\000.\0001\000\040\000F\000u\000n\000c\000t\000i\000o\000n\000\040\000D\000o\000c\000u\000m\000e\000n\000t\000a\000t\000i\000o\000n}{section.2.13}% 29
\BOOKMARK [3][-]{subsubsection.2.13.1.1}{\376\377\0002\000.\0001\0003\000.\0001\000.\0001\000\040\000m\000a\000i\000n\000\050\000\051}{subsection.2.13.1}% 30
\BOOKMARK [1][-]{section.2.14}{\376\377\0002\000.\0001\0004\000\040\000f\000i\000c\000h\000a\0003\000\137\0002\000.\000c}{chapter.2}% 31
\BOOKMARK [1][-]{section.2.15}{\376\377\0002\000.\0001\0005\000\040\000f\000i\000c\000h\000a\0003\000\137\0003\000.\000c\000\040\000F\000i\000l\000e\000\040\000R\000e\000f\000e\000r\000e\000n\000c\000e}{chapter.2}% 32
\BOOKMARK [2][-]{subsection.2.15.1}{\376\377\0002\000.\0001\0005\000.\0001\000\040\000F\000u\000n\000c\000t\000i\000o\000n\000\040\000D\000o\000c\000u\000m\000e\000n\000t\000a\000t\000i\000o\000n}{section.2.15}% 33
\BOOKMARK [3][-]{subsubsection.2.15.1.1}{\376\377\0002\000.\0001\0005\000.\0001\000.\0001\000\040\000m\000a\000i\000n\000\050\000\051}{subsection.2.15.1}% 34
\BOOKMARK [1][-]{section.2.16}{\376\377\0002\000.\0001\0006\000\040\000f\000i\000c\000h\000a\0003\000\137\0003\000.\000c}{chapter.2}% 35
\BOOKMARK [1][-]{section.2.17}{\376\377\0002\000.\0001\0007\000\040\000f\000i\000c\000h\000a\0003\000\137\0004\000.\000c\000\040\000F\000i\000l\000e\000\040\000R\000e\000f\000e\000r\000e\000n\000c\000e}{chapter.2}% 36
\BOOKMARK [2][-]{subsection.2.17.1}{\376\377\0002\000.\0001\0007\000.\0001\000\040\000F\000u\000n\000c\000t\000i\000o\000n\000\040\000D\000o\000c\000u\000m\000e\000n\000t\000a\000t\000i\000o\000n}{section.2.17}% 37
\BOOKMARK [3][-]{subsubsection.2.17.1.1}{\376\377\0002\000.\0001\0007\000.\0001\000.\0001\000\040\000m\000a\000i\000n\000\050\000\051}{subsection.2.17.1}% 38
\BOOKMARK [1][-]{section.2.18}{\376\377\0002\000.\0001\0008\000\040\000f\000i\000c\000h\000a\0003\000\137\0004\000.\000c}{chapter.2}% 39
\BOOKMARK [1][-]{section.2.19}{\376\377\0002\000.\0001\0009\000\040\000f\000i\000c\000h\000a\0003\000\137\0005\000.\000c\000\040\000F\000i\000l\000e\000\040\000R\000e\000f\000e\000r\000e\000n\000c\000e}{chapter.2}% 40
\BOOKMARK [2][-]{subsection.2.19.1}{\376\377\0002\000.\0001\0009\000.\0001\000\040\000F\000u\000n\000c\000t\000i\000o\000n\000\040\000D\000o\000c\000u\000m\000e\000n\000t\000a\000t\000i\000o\000n}{section.2.19}% 41
\BOOKMARK [3][-]{subsubsection.2.19.1.1}{\376\377\0002\000.\0001\0009\000.\0001\000.\0001\000\040\000m\000a\000i\000n\000\050\000\051}{subsection.2.19.1}% 42
\BOOKMARK [1][-]{section.2.20}{\376\377\0002\000.\0002\0000\000\040\000f\000i\000c\000h\000a\0003\000\137\0005\000.\000c}{chapter.2}% 43
\BOOKMARK [1][-]{section.2.21}{\376\377\0002\000.\0002\0001\000\040\000f\000i\000c\000h\000a\0003\000\137\0006\000.\000c\000\040\000F\000i\000l\000e\000\040\000R\000e\000f\000e\000r\000e\000n\000c\000e}{chapter.2}% 44
\BOOKMARK [2][-]{subsection.2.21.1}{\376\377\0002\000.\0002\0001\000.\0001\000\040\000F\000u\000n\000c\000t\000i\000o\000n\000\040\000D\000o\000c\000u\000m\000e\000n\000t\000a\000t\000i\000o\000n}{section.2.21}% 45
\BOOKMARK [3][-]{subsubsection.2.21.1.1}{\376\377\0002\000.\0002\0001\000.\0001\000.\0001\000\040\000m\000a\000i\000n\000\050\000\051}{subsection.2.21.1}% 46
\BOOKMARK [1][-]{section.2.22}{\376\377\0002\000.\0002\0002\000\040\000f\000i\000c\000h\000a\0003\000\137\0006\000.\000c}{chapter.2}% 47
\BOOKMARK [1][-]{section.2.23}{\376\377\0002\000.\0002\0003\000\040\000f\000i\000c\000h\000a\0004\000\137\0002\000.\000c\000\040\000F\000i\000l\000e\000\040\000R\000e\000f\000e\000r\000e\000n\000c\000e}{chapter.2}% 48
\BOOKMARK [2][-]{subsection.2.23.1}{\376\377\0002\000.\0002\0003\000.\0001\000\040\000F\000u\000n\000c\000t\000i\000o\000n\000\040\000D\000o\000c\000u\000m\000e\000n\000t\000a\000t\000i\000o\000n}{section.2.23}% 49
\BOOKMARK [3][-]{subsubsection.2.23.1.1}{\376\377\0002\000.\0002\0003\000.\0001\000.\0001\000\040\000m\000a\000i\000n\000\050\000\051}{subsection.2.23.1}% 50
\BOOKMARK [1][-]{section.2.24}{\376\377\0002\000.\0002\0004\000\040\000f\000i\000c\000h\000a\0004\000\137\0002\000.\000c}{chapter.2}% 51
\BOOKMARK [1][-]{section.2.25}{\376\377\0002\000.\0002\0005\000\040\000f\000i\000c\000h\000a\0004\000\137\0002\000\137\000c\000o\000p\000y\000.\000c\000\040\000F\000i\000l\000e\000\040\000R\000e\000f\000e\000r\000e\000n\000c\000e}{chapter.2}% 52
\BOOKMARK [2][-]{subsection.2.25.1}{\376\377\0002\000.\0002\0005\000.\0001\000\040\000F\000u\000n\000c\000t\000i\000o\000n\000\040\000D\000o\000c\000u\000m\000e\000n\000t\000a\000t\000i\000o\000n}{section.2.25}% 53
\BOOKMARK [3][-]{subsubsection.2.25.1.1}{\376\377\0002\000.\0002\0005\000.\0001\000.\0001\000\040\000m\000a\000i\000n\000\050\000\051}{subsection.2.25.1}% 54
\BOOKMARK [1][-]{section.2.26}{\376\377\0002\000.\0002\0006\000\040\000f\000i\000c\000h\000a\0004\000\137\0002\000\137\000c\000o\000p\000y\000.\000c}{chapter.2}% 55
\BOOKMARK [1][-]{section.2.27}{\376\377\0002\000.\0002\0007\000\040\000f\000i\000c\000h\000a\0005\000\137\0003\000.\000c\000\040\000F\000i\000l\000e\000\040\000R\000e\000f\000e\000r\000e\000n\000c\000e}{chapter.2}% 56
\BOOKMARK [2][-]{subsection.2.27.1}{\376\377\0002\000.\0002\0007\000.\0001\000\040\000M\000a\000c\000r\000o\000\040\000D\000e\000f\000i\000n\000i\000t\000i\000o\000n\000\040\000D\000o\000c\000u\000m\000e\000n\000t\000a\000t\000i\000o\000n}{section.2.27}% 57
\BOOKMARK [3][-]{subsubsection.2.27.1.1}{\376\377\0002\000.\0002\0007\000.\0001\000.\0001\000\040\000M\000A\000X\000\137\000L\000I\000N\000E\000\137\000S\000I\000Z\000E}{subsection.2.27.1}% 58
\BOOKMARK [2][-]{subsection.2.27.2}{\376\377\0002\000.\0002\0007\000.\0002\000\040\000F\000u\000n\000c\000t\000i\000o\000n\000\040\000D\000o\000c\000u\000m\000e\000n\000t\000a\000t\000i\000o\000n}{section.2.27}% 59
\BOOKMARK [3][-]{subsubsection.2.27.2.1}{\376\377\0002\000.\0002\0007\000.\0002\000.\0001\000\040\000m\000a\000i\000n\000\050\000\051}{subsection.2.27.2}% 60
\BOOKMARK [3][-]{subsubsection.2.27.2.2}{\376\377\0002\000.\0002\0007\000.\0002\000.\0002\000\040\000r\000e\000a\000d\000l\000n\000\050\000\051}{subsection.2.27.2}% 61
\BOOKMARK [1][-]{section.2.28}{\376\377\0002\000.\0002\0008\000\040\000f\000i\000c\000h\000a\0005\000\137\0003\000.\000c}{chapter.2}% 62
\BOOKMARK [1][-]{section.2.29}{\376\377\0002\000.\0002\0009\000\040\000i\000o\000.\000c\000\040\000F\000i\000l\000e\000\040\000R\000e\000f\000e\000r\000e\000n\000c\000e}{chapter.2}% 63
\BOOKMARK [2][-]{subsection.2.29.1}{\376\377\0002\000.\0002\0009\000.\0001\000\040\000F\000u\000n\000c\000t\000i\000o\000n\000\040\000D\000o\000c\000u\000m\000e\000n\000t\000a\000t\000i\000o\000n}{section.2.29}% 64
\BOOKMARK [3][-]{subsubsection.2.29.1.1}{\376\377\0002\000.\0002\0009\000.\0001\000.\0001\000\040\000c\000o\000n\000v\000e\000r\000t\000\137\000a\000r\000g\000v\000\137\000t\000o\000\137\000v\000\050\000\051}{subsection.2.29.1}% 65
\BOOKMARK [3][-]{subsubsection.2.29.1.2}{\376\377\0002\000.\0002\0009\000.\0001\000.\0002\000\040\000r\000e\000a\000d\000l\000n\000\050\000\051}{subsection.2.29.1}% 66
\BOOKMARK [1][-]{section.2.30}{\376\377\0002\000.\0003\0000\000\040\000i\000o\000.\000c}{chapter.2}% 67
\BOOKMARK [1][-]{section.2.31}{\376\377\0002\000.\0003\0001\000\040\000l\000i\000n\000u\000x\000.\000h\000\040\000F\000i\000l\000e\000\040\000R\000e\000f\000e\000r\000e\000n\000c\000e}{chapter.2}% 68
\BOOKMARK [1][-]{section.2.32}{\376\377\0002\000.\0003\0002\000\040\000l\000i\000n\000u\000x\000.\000h}{chapter.2}% 69
\BOOKMARK [1][-]{section.2.33}{\376\377\0002\000.\0003\0003\000\040\000p\000i\000d\000.\000c\000\040\000F\000i\000l\000e\000\040\000R\000e\000f\000e\000r\000e\000n\000c\000e}{chapter.2}% 70
\BOOKMARK [2][-]{subsection.2.33.1}{\376\377\0002\000.\0003\0003\000.\0001\000\040\000F\000u\000n\000c\000t\000i\000o\000n\000\040\000D\000o\000c\000u\000m\000e\000n\000t\000a\000t\000i\000o\000n}{section.2.33}% 71
\BOOKMARK [3][-]{subsubsection.2.33.1.1}{\376\377\0002\000.\0003\0003\000.\0001\000.\0001\000\040\000p\000r\000i\000n\000t\000\137\000c\000h\000i\000l\000d\000\137\000r\000e\000p\000o\000r\000t\000\050\000\051}{subsection.2.33.1}% 72
\BOOKMARK [3][-]{subsubsection.2.33.1.2}{\376\377\0002\000.\0003\0003\000.\0001\000.\0002\000\040\000p\000r\000i\000n\000t\000\137\000f\000a\000t\000h\000e\000r\000\050\000\051}{subsection.2.33.1}% 73
\BOOKMARK [3][-]{subsubsection.2.33.1.3}{\376\377\0002\000.\0003\0003\000.\0001\000.\0003\000\040\000p\000r\000i\000n\000t\000\137\000f\000a\000t\000h\000e\000r\000\137\000r\000e\000p\000o\000r\000t\000\050\000\051}{subsection.2.33.1}% 74
\BOOKMARK [3][-]{subsubsection.2.33.1.4}{\376\377\0002\000.\0003\0003\000.\0001\000.\0004\000\040\000p\000r\000i\000n\000t\000\137\000p\000i\000d\000\050\000\051}{subsection.2.33.1}% 75
\BOOKMARK [1][-]{section.2.34}{\376\377\0002\000.\0003\0004\000\040\000p\000i\000d\000.\000c}{chapter.2}% 76
\BOOKMARK [1][-]{section.2.35}{\376\377\0002\000.\0003\0005\000\040\000p\000i\000d\000.\000h\000\040\000F\000i\000l\000e\000\040\000R\000e\000f\000e\000r\000e\000n\000c\000e}{chapter.2}% 77
\BOOKMARK [2][-]{subsection.2.35.1}{\376\377\0002\000.\0003\0005\000.\0001\000\040\000F\000u\000n\000c\000t\000i\000o\000n\000\040\000D\000o\000c\000u\000m\000e\000n\000t\000a\000t\000i\000o\000n}{section.2.35}% 78
\BOOKMARK [3][-]{subsubsection.2.35.1.1}{\376\377\0002\000.\0003\0005\000.\0001\000.\0001\000\040\000p\000r\000i\000n\000t\000\137\000c\000h\000i\000l\000d\000\137\000r\000e\000p\000o\000r\000t\000\050\000\051}{subsection.2.35.1}% 79
\BOOKMARK [3][-]{subsubsection.2.35.1.2}{\376\377\0002\000.\0003\0005\000.\0001\000.\0002\000\040\000p\000r\000i\000n\000t\000\137\000f\000a\000t\000h\000e\000r\000\050\000\051}{subsection.2.35.1}% 80
\BOOKMARK [3][-]{subsubsection.2.35.1.3}{\376\377\0002\000.\0003\0005\000.\0001\000.\0003\000\040\000p\000r\000i\000n\000t\000\137\000f\000a\000t\000h\000e\000r\000\137\000r\000e\000p\000o\000r\000t\000\050\000\051}{subsection.2.35.1}% 81
\BOOKMARK [3][-]{subsubsection.2.35.1.4}{\376\377\0002\000.\0003\0005\000.\0001\000.\0004\000\040\000p\000r\000i\000n\000t\000\137\000p\000i\000d\000\050\000\051}{subsection.2.35.1}% 82
\BOOKMARK [1][-]{section.2.36}{\376\377\0002\000.\0003\0006\000\040\000p\000i\000d\000.\000h}{chapter.2}% 83
\BOOKMARK [0][-]{section*.37}{\376\377\000I\000n\000d\000e\000x}{}% 84
